<?xml version="1.0" encoding="UTF-8"?>
<!-- Generated by org.testng.reporters.JUnitXMLReporter -->
<testsuite ignored="0" hostname="INLEN8520037012" failures="1" tests="5" name="Surefire test" time="46.122" errors="0" timestamp="2023-04-18T11:44:51 IST">
  <testcase classname="io.cucumber.testng.AbstractTestNGCucumberTests" name="runScenario" time="4.72">
    <failure type="io.cucumber.testng.UndefinedStepException" message="The step &amp;apos;Logged in with username vikas@gmail.com and password Vikas123&amp;apos; is undefined.
You can implement this step using the snippet(s) below:

@Given(&amp;quot;Logged in with username vikas@gmail.com and password Vikas123&amp;quot;)
public void logged_in_with_username_vikas_gmail_com_and_password_vikas123() {
    // Write code here that turns the phrase above into concrete actions
    throw new io.cucumber.java.PendingException();
}
">
      <![CDATA[io.cucumber.testng.UndefinedStepException: The step 'Logged in with username vikas@gmail.com and password Vikas123' is undefined.
You can implement this step using the snippet(s) below:

@Given("Logged in with username vikas@gmail.com and password Vikas123")
public void logged_in_with_username_vikas_gmail_com_and_password_vikas123() {
    // Write code here that turns the phrase above into concrete actions
    throw new io.cucumber.java.PendingException();
}

at io.cucumber.core.runtime.TestCaseResultObserver.assertTestCasePassed(TestCaseResultObserver.java:69)
at io.cucumber.testng.TestCaseResultObserver.assertTestCasePassed(TestCaseResultObserver.java:23)
at io.cucumber.testng.TestNGCucumberRunner.lambda$runScenario$1(TestNGCucumberRunner.java:133)
at io.cucumber.core.runtime.CucumberExecutionContext.lambda$runTestCase$5(CucumberExecutionContext.java:130)
at io.cucumber.core.runtime.RethrowingThrowableCollector.executeAndThrow(RethrowingThrowableCollector.java:23)
at io.cucumber.core.runtime.CucumberExecutionContext.runTestCase(CucumberExecutionContext.java:130)
at io.cucumber.testng.TestNGCucumberRunner.runScenario(TestNGCucumberRunner.java:129)
at io.cucumber.testng.AbstractTestNGCucumberTests.runScenario(AbstractTestNGCucumberTests.java:35)
at java.base/java.util.ArrayList.forEach(ArrayList.java:1540)
... Removed 32 stack frames]]>
    </failure>
  </testcase> <!-- runScenario -->
  <testcase classname="rahulshettyAcademy.tests.SubmitOrderHashmapTest" name="submitorder" time="10.46"/>
  <testcase classname="rahulshettyAcademy.tests.SubmitOrderHashmapTest" name="submitorder" time="4.632"/>
  <testcase classname="rahulshettyAcademy.tests.SubmitOrderTest" name="submitorder" time="4.545"/>
  <testcase classname="rahulshettyAcademy.tests.SubmitOrderTest" name="submitorder" time="4.829"/>
</testsuite> <!-- Surefire test -->
